<?xml version="1.0" encoding="UTF-8"?>
<testsuite xmlns:xsi="http://www.w3.org/2001/XMLSchema-instance" xsi:noNamespaceSchemaLocation="https://maven.apache.org/surefire/maven-surefire-plugin/xsd/surefire-test-report.xsd" version="3.0.2" name="com.example.bankcards.service.CacheManagerTest" time="3.027" tests="5" errors="0" skipped="0" failures="0">
  <properties>
[...]
</properties>
  <testcase name="cleanUpExpiredObjectInCache" classname="com.example.bankcards.service.CacheManagerTest" time="2.888">
    <system-out><![CDATA[09:52:12.540 [main] INFO com.example.bankcards.cache.CacheManager -- [INFO] Кладём объект CacheEntry(payload=com.example.bankcards.entity.CardEntity@9a6fbc0, addedTime=1761007932538) по ключу 1 в кеш
09:52:12.558 [main] INFO com.example.bankcards.cache.CacheManager -- [INFO] Текущее время минус время добавления в кеш в минутах: [21600]
09:52:12.558 [main] INFO com.example.bankcards.cache.CacheManager -- Очистка: 1, было удалено: 1, осталось записей: 0
]]></system-out>
    <system-err><![CDATA[Mockito is currently self-attaching to enable the inline-mock-maker. This will no longer work in future releases of the JDK. Please add Mockito as an agent to your build as described in Mockito's documentation: https://javadoc.io/doc/org.mockito/mockito-core/latest/org.mockito/org/mockito/Mockito.html#0.3
WARNING: A Java agent has been loaded dynamically (C:\Users\Lores\.m2\repository\net\bytebuddy\byte-buddy-agent\1.17.7\byte-buddy-agent-1.17.7.jar)
WARNING: If a serviceability tool is in use, please run with -XX:+EnableDynamicAgentLoading to hide this warning
WARNING: If a serviceability tool is not in use, please run with -Djdk.instrument.traceUsage for more information
WARNING: Dynamic loading of agents will be disallowed by default in a future release
]]></system-err>
  </testcase>
  <testcase name="testAddCacheEntryToMap" classname="com.example.bankcards.service.CacheManagerTest" time="0.059">
    <system-out><![CDATA[09:52:12.610 [main] INFO com.example.bankcards.cache.CacheManager -- [INFO] Кладём объект CacheEntry(payload=com.example.bankcards.entity.CardEntity@28fd3dc1, addedTime=1761029532609) по ключу 1 в кеш
]]></system-out>
  </testcase>
  <testcase name="updateNonEqualsObjectInCache" classname="com.example.bankcards.service.CacheManagerTest" time="0.013">
    <system-out><![CDATA[09:52:12.673 [main] INFO com.example.bankcards.cache.CacheManager -- [INFO] Кладём объект CacheEntry(payload=com.example.bankcards.entity.CardEntity@4f453e63, addedTime=1761029532673) по ключу 1 в кеш
]]></system-out>
  </testcase>
  <testcase name="deleteCacheFromCacheManager" classname="com.example.bankcards.service.CacheManagerTest" time="0.005">
    <system-out><![CDATA[09:52:12.686 [main] INFO com.example.bankcards.cache.CacheManager -- [INFO] Кладём объект CacheEntry(payload=com.example.bankcards.entity.CardEntity@771cbb1a, addedTime=1761029532686) по ключу 1 в кеш
09:52:12.687 [main] INFO com.example.bankcards.cache.CacheManager -- [INFO] Удаляем объект по ключу 1 в кеш
]]></system-out>
  </testcase>
  <testcase name="updateEqualsObjectInCache" classname="com.example.bankcards.service.CacheManagerTest" time="0.005">
    <system-out><![CDATA[09:52:12.692 [main] INFO com.example.bankcards.cache.CacheManager -- [INFO] Кладём объект CacheEntry(payload=com.example.bankcards.entity.CardEntity@3bdb2c78, addedTime=1761029532691) по ключу 1 в кеш
]]></system-out>
  </testcase>
</testsuite>