<?xml version="1.0" encoding="UTF-8"?>
<testsuite xmlns:xsi="http://www.w3.org/2001/XMLSchema-instance" xsi:noNamespaceSchemaLocation="https://maven.apache.org/surefire/maven-surefire-plugin/xsd/surefire-test-report.xsd" version="3.0.2" name="com.example.bankcards.service.AdminCardServiceTest" time="0.006" tests="7" errors="0" skipped="7" failures="0">
  <properties/>
  <testcase name="testCreateCard_UserNotFound" classname="com.example.bankcards.service.AdminCardServiceTest" time="0.0">
    <skipped message="class com.example.bankcards.service.AdminCardServiceTest is @Disabled"/>
  </testcase>
  <testcase name="testActivateCard_AlreadyActive_ThrowsException" classname="com.example.bankcards.service.AdminCardServiceTest" time="0.0">
    <skipped message="class com.example.bankcards.service.AdminCardServiceTest is @Disabled"/>
  </testcase>
  <testcase name="testActivateCard_AlreadyActive_DoesNotChangeStatus" classname="com.example.bankcards.service.AdminCardServiceTest" time="0.0">
    <skipped message="class com.example.bankcards.service.AdminCardServiceTest is @Disabled"/>
  </testcase>
  <testcase name="testCreateCardWithRealEncryption" classname="com.example.bankcards.service.AdminCardServiceTest" time="0.0">
    <skipped message="class com.example.bankcards.service.AdminCardServiceTest is @Disabled"/>
  </testcase>
  <testcase name="testEncryptAndDecrypt" classname="com.example.bankcards.service.AdminCardServiceTest" time="0.0">
    <skipped message="class com.example.bankcards.service.AdminCardServiceTest is @Disabled"/>
  </testcase>
  <testcase name="testActivateCard_Success" classname="com.example.bankcards.service.AdminCardServiceTest" time="0.0">
    <skipped message="class com.example.bankcards.service.AdminCardServiceTest is @Disabled"/>
  </testcase>
  <testcase name="testCreateCard_EncryptorIsUsed" classname="com.example.bankcards.service.AdminCardServiceTest" time="0.0">
    <skipped message="class com.example.bankcards.service.AdminCardServiceTest is @Disabled"/>
  </testcase>
</testsuite>